============================================================
  Generated by:           Genus(TM) Synthesis Solution 19.12-s121_1
  Generated on:           Jan 26 2023  02:00:12 pm
  Module:                 fifo1_sramb
  Technology libraries:   saed32io_wb_ss0p95v125c_2p25v 
                          saed32sramlp_ss0p75v125c_i0p75v 1.0000000
                          saed32pll_ss0p95v125c_2p25v 
                          saed32rvt_ss0p75v125c 1.0000000
  Operating conditions:   _nominal_ (balanced_tree)
  Wireload mode:          enclosed
  Area mode:              timing library
============================================================

Timing
--------

 Clock Period 
--------------
rclk   1700.0 
wclk   1700.0 
wclk2x  850.0 


  Cost    Critical           Violating 
 Group   Path Slack   TNS      Paths   
---------------------------------------
default    No paths     0.0            
INPUTS          3.8     0.0          0 
OUTPUTS         6.8     0.0          0 
rclk          -22.0   -22.0          1 
wclk            0.1     0.0          0 
wclk2x     No paths     0.0            
---------------------------------------
Total                 -22.0          1 

Instance Count
--------------
Leaf Instance Count             438 
Physical Instance count           0 
Sequential Instance Count       104 
Combinational Instance Count    334 
Hierarchical Instance Count       5 

Area
----
Cell Area                          511216.678
Physical Cell Area                 0.000
Total Cell Area (Cell+Physical)    511216.678
Net Area                           0.000
Total Area (Cell+Physical+Net)     511216.678

Max Fanout                         72 (fifomem/n_27)
Min Fanout                         0 (io_b_wrst_n_net)
Average Fanout                     2.7
Terms to net ratio                 4.2854
Terms to instance ratio            4.4909
Runtime                            103.58628900000001 seconds
Elapsed Runtime                    274 seconds
Genus peak memory usage            1420.73 
Innovus peak memory usage          no_value 
Hostname                           mo.ece.pdx.edu
