 
****************************************
Report : constraint
        -all_violators
Design : fifo1_srama
Version: Q-2019.12-SP3
Date   : Thu Jan 26 10:00:04 2023
****************************************


   max_transition

                             Required        Actual
   Net                      Transition     Transition        Slack
   -----------------------------------------------------------------
   rdata[0]                     0.50           0.90          -0.40  (VIOLATED)
       PORT :  rdata[0]         0.50           0.90          -0.40  (VIOLATED)
   rdata[1]                     0.50           0.90          -0.40  (VIOLATED)
       PORT :  rdata[1]         0.50           0.90          -0.40  (VIOLATED)
   rdata[2]                     0.50           0.90          -0.40  (VIOLATED)
       PORT :  rdata[2]         0.50           0.90          -0.40  (VIOLATED)
   rdata[3]                     0.50           0.90          -0.40  (VIOLATED)
       PORT :  rdata[3]         0.50           0.90          -0.40  (VIOLATED)
   rdata[4]                     0.50           0.90          -0.40  (VIOLATED)
       PORT :  rdata[4]         0.50           0.90          -0.40  (VIOLATED)
   rdata[5]                     0.50           0.90          -0.40  (VIOLATED)
       PORT :  rdata[5]         0.50           0.90          -0.40  (VIOLATED)
   rdata[6]                     0.50           0.90          -0.40  (VIOLATED)
       PORT :  rdata[6]         0.50           0.90          -0.40  (VIOLATED)
   rdata[7]                     0.50           0.90          -0.40  (VIOLATED)
       PORT :  rdata[7]         0.50           0.90          -0.40  (VIOLATED)
   rempty                       0.50           0.90          -0.40  (VIOLATED)
       PORT :  rempty           0.50           0.90          -0.40  (VIOLATED)
   wfull                        0.50           0.90          -0.40  (VIOLATED)
       PORT :  wfull            0.50           0.90          -0.40  (VIOLATED)

   -----------------------------------------------------------------
   Total                      10                 -3.96  

   max_capacitance

                             Required        Actual
   Net                      Capacitance    Capacitance       Slack
   -----------------------------------------------------------------
   fifomem/n31                  0.03           0.40          -0.37  (VIOLATED)
   fifomem/n35                  0.03           0.40          -0.37  (VIOLATED)
   fifomem/n39                  0.03           0.40          -0.37  (VIOLATED)
   fifomem/n43                  0.03           0.40          -0.37  (VIOLATED)
   fifomem/n47                  0.03           0.40          -0.37  (VIOLATED)
   fifomem/n51                  0.03           0.40          -0.37  (VIOLATED)
   fifomem/n55                  0.03           0.40          -0.37  (VIOLATED)
   fifomem/n59                  0.03           0.40          -0.37  (VIOLATED)
   fifomem/n63                  0.03           0.40          -0.37  (VIOLATED)
   fifomem/n67                  0.03           0.40          -0.37  (VIOLATED)
   fifomem/n71                  0.03           0.40          -0.37  (VIOLATED)
   fifomem/n75                  0.03           0.40          -0.37  (VIOLATED)
   fifomem/n79                  0.03           0.40          -0.37  (VIOLATED)
   fifomem/n83                  0.03           0.40          -0.37  (VIOLATED)
   fifomem/n87                  0.03           0.40          -0.37  (VIOLATED)
   fifomem/n91                  0.03           0.40          -0.37  (VIOLATED)
   fifomem/n30                  0.03           0.38          -0.36  (VIOLATED)
   fifomem/n34                  0.03           0.38          -0.36  (VIOLATED)
   fifomem/n38                  0.03           0.38          -0.36  (VIOLATED)
   fifomem/n42                  0.03           0.38          -0.36  (VIOLATED)
   fifomem/n46                  0.03           0.38          -0.36  (VIOLATED)
   fifomem/n50                  0.03           0.38          -0.36  (VIOLATED)
   fifomem/n54                  0.03           0.38          -0.36  (VIOLATED)
   fifomem/n58                  0.03           0.38          -0.36  (VIOLATED)
   fifomem/n62                  0.03           0.38          -0.36  (VIOLATED)
   fifomem/n66                  0.03           0.38          -0.36  (VIOLATED)
   fifomem/n70                  0.03           0.38          -0.36  (VIOLATED)
   fifomem/n74                  0.03           0.38          -0.36  (VIOLATED)
   fifomem/n78                  0.03           0.38          -0.36  (VIOLATED)
   fifomem/n82                  0.03           0.38          -0.36  (VIOLATED)
   fifomem/n86                  0.03           0.38          -0.36  (VIOLATED)
   fifomem/n90                  0.03           0.38          -0.36  (VIOLATED)
   fifomem/n29                  0.03           0.38          -0.35  (VIOLATED)
   fifomem/n33                  0.03           0.38          -0.35  (VIOLATED)
   fifomem/n37                  0.03           0.38          -0.35  (VIOLATED)
   fifomem/n41                  0.03           0.38          -0.35  (VIOLATED)
   fifomem/n45                  0.03           0.38          -0.35  (VIOLATED)
   fifomem/n49                  0.03           0.38          -0.35  (VIOLATED)
   fifomem/n53                  0.03           0.38          -0.35  (VIOLATED)
   fifomem/n57                  0.03           0.38          -0.35  (VIOLATED)
   fifomem/n61                  0.03           0.38          -0.35  (VIOLATED)
   fifomem/n65                  0.03           0.38          -0.35  (VIOLATED)
   fifomem/n69                  0.03           0.38          -0.35  (VIOLATED)
   fifomem/n73                  0.03           0.38          -0.35  (VIOLATED)
   fifomem/n77                  0.03           0.38          -0.35  (VIOLATED)
   fifomem/n81                  0.03           0.38          -0.35  (VIOLATED)
   fifomem/n85                  0.03           0.38          -0.35  (VIOLATED)
   fifomem/n89                  0.03           0.38          -0.35  (VIOLATED)
   fifomem/n32                  0.03           0.37          -0.35  (VIOLATED)
   fifomem/n36                  0.03           0.37          -0.35  (VIOLATED)
   fifomem/n40                  0.03           0.37          -0.35  (VIOLATED)
   fifomem/n44                  0.03           0.37          -0.35  (VIOLATED)
   fifomem/n48                  0.03           0.37          -0.35  (VIOLATED)
   fifomem/n52                  0.03           0.37          -0.35  (VIOLATED)
   fifomem/n56                  0.03           0.37          -0.35  (VIOLATED)
   fifomem/n60                  0.03           0.37          -0.35  (VIOLATED)
   fifomem/n64                  0.03           0.37          -0.35  (VIOLATED)
   fifomem/n68                  0.03           0.37          -0.35  (VIOLATED)
   fifomem/n72                  0.03           0.37          -0.35  (VIOLATED)
   fifomem/n76                  0.03           0.37          -0.35  (VIOLATED)
   fifomem/n80                  0.03           0.37          -0.35  (VIOLATED)
   fifomem/n84                  0.03           0.37          -0.35  (VIOLATED)
   fifomem/n88                  0.03           0.37          -0.35  (VIOLATED)
   fifomem/n92                  0.03           0.37          -0.35  (VIOLATED)

   -----------------------------------------------------------------
   Total                      64                -22.82  

   max_leakage_power

                             Required        Actual
   Design                   Leakage Power  Leakage Power     Slack
   -----------------------------------------------------------------
   fifo1_srama                  0.00       1066558336.00  -1066558336.00
                                                                    (VIOLATED)


1
